<?xml version="1.0" encoding="UTF-8"?>
<!-- Generated by org.testng.reporters.JUnitReportReporter -->
<testsuite hostname="CDWILT004" failures="0" tests="1" name="maven_TestNG.Maven_TestNG_Sample" time="2.474" errors="0" timestamp="2022-07-01T14:42:22 SGT" skipped="0">
  <testcase classname="maven_TestNG.Maven_TestNG_Sample" name="testSomething" time="2.474"/>
  <system-out/>
</testsuite> <!-- maven_TestNG.Maven_TestNG_Sample -->
